c:\users\tanmay\desktop\semester2\object oriented design\project4\tanmay_fadnavis_pr4\cppcli-wpf-app\mockchannel\debug\vc120.pdb
c:\users\tanmay\desktop\semester2\object oriented design\project4\tanmay_fadnavis_pr4\cppcli-wpf-app\mockchannel\debug\vc120.idb
c:\users\tanmay\desktop\semester2\object oriented design\project4\tanmay_fadnavis_pr4\cppcli-wpf-app\mockchannel\debug\apphelpers.obj
c:\users\tanmay\desktop\semester2\object oriented design\project4\tanmay_fadnavis_pr4\cppcli-wpf-app\mockchannel\debug\clienthandler.obj
c:\users\tanmay\desktop\semester2\object oriented design\project4\tanmay_fadnavis_pr4\cppcli-wpf-app\mockchannel\debug\cpp11-blockingqueue.obj
c:\users\tanmay\desktop\semester2\object oriented design\project4\tanmay_fadnavis_pr4\cppcli-wpf-app\mockchannel\debug\filesystem.obj
c:\users\tanmay\desktop\semester2\object oriented design\project4\tanmay_fadnavis_pr4\cppcli-wpf-app\mockchannel\debug\messageinterpreter.obj
c:\users\tanmay\desktop\semester2\object oriented design\project4\tanmay_fadnavis_pr4\cppcli-wpf-app\mockchannel\debug\mockchannel.obj
c:\users\tanmay\desktop\semester2\object oriented design\project4\tanmay_fadnavis_pr4\cppcli-wpf-app\mockchannel\debug\receiver.obj
c:\users\tanmay\desktop\semester2\object oriented design\project4\tanmay_fadnavis_pr4\cppcli-wpf-app\mockchannel\debug\sender.obj
c:\users\tanmay\desktop\semester2\object oriented design\project4\tanmay_fadnavis_pr4\cppcli-wpf-app\mockchannel\debug\sockets.obj
c:\users\tanmay\desktop\semester2\object oriented design\project4\tanmay_fadnavis_pr4\cppcli-wpf-app\mockchannel\debug\windowshelpers.obj
c:\users\tanmay\desktop\semester2\object oriented design\project4\tanmay_fadnavis_pr4\cppcli-wpf-app\debug\mockchannel.ilk
c:\users\tanmay\desktop\semester2\object oriented design\project4\tanmay_fadnavis_pr4\cppcli-wpf-app\debug\mockchannel.dll
c:\users\tanmay\desktop\semester2\object oriented design\project4\tanmay_fadnavis_pr4\cppcli-wpf-app\debug\mockchannel.pdb
c:\users\tanmay\desktop\semester2\object oriented design\project4\tanmay_fadnavis_pr4\cppcli-wpf-app\debug\mockchannel.lib
c:\users\tanmay\desktop\semester2\object oriented design\project4\tanmay_fadnavis_pr4\cppcli-wpf-app\debug\mockchannel.exp
c:\users\tanmay\desktop\semester2\object oriented design\project4\tanmay_fadnavis_pr4\cppcli-wpf-app\mockchannel\debug\mockchannel.tlog\cl.command.1.tlog
c:\users\tanmay\desktop\semester2\object oriented design\project4\tanmay_fadnavis_pr4\cppcli-wpf-app\mockchannel\debug\mockchannel.tlog\cl.read.1.tlog
c:\users\tanmay\desktop\semester2\object oriented design\project4\tanmay_fadnavis_pr4\cppcli-wpf-app\mockchannel\debug\mockchannel.tlog\cl.write.1.tlog
c:\users\tanmay\desktop\semester2\object oriented design\project4\tanmay_fadnavis_pr4\cppcli-wpf-app\mockchannel\debug\mockchannel.tlog\link.command.1.tlog
c:\users\tanmay\desktop\semester2\object oriented design\project4\tanmay_fadnavis_pr4\cppcli-wpf-app\mockchannel\debug\mockchannel.tlog\link.read.1.tlog
c:\users\tanmay\desktop\semester2\object oriented design\project4\tanmay_fadnavis_pr4\cppcli-wpf-app\mockchannel\debug\mockchannel.tlog\link.write.1.tlog
c:\users\tanmay\desktop\semester2\object oriented design\project4\tanmay_fadnavis_pr4\cppcli-wpf-app\mockchannel\debug\mockchannel.tlog\mockchannel.write.1u.tlog
