c:\users\tanmay\desktop\semester2\object oriented design\project4\tanmay_fadnavis_pr4\cppcli-wpf-app\server\debug\vc120.pdb
c:\users\tanmay\desktop\semester2\object oriented design\project4\tanmay_fadnavis_pr4\cppcli-wpf-app\server\debug\vc120.idb
c:\users\tanmay\desktop\semester2\object oriented design\project4\tanmay_fadnavis_pr4\cppcli-wpf-app\server\debug\apphelpers.obj
c:\users\tanmay\desktop\semester2\object oriented design\project4\tanmay_fadnavis_pr4\cppcli-wpf-app\server\debug\clienthandler.obj
c:\users\tanmay\desktop\semester2\object oriented design\project4\tanmay_fadnavis_pr4\cppcli-wpf-app\server\debug\datastore.obj
c:\users\tanmay\desktop\semester2\object oriented design\project4\tanmay_fadnavis_pr4\cppcli-wpf-app\server\debug\executive.obj
c:\users\tanmay\desktop\semester2\object oriented design\project4\tanmay_fadnavis_pr4\cppcli-wpf-app\server\debug\filemanager.obj
c:\users\tanmay\desktop\semester2\object oriented design\project4\tanmay_fadnavis_pr4\cppcli-wpf-app\server\debug\filesystem.obj
c:\users\tanmay\desktop\semester2\object oriented design\project4\tanmay_fadnavis_pr4\cppcli-wpf-app\server\debug\messageinterpreter.obj
c:\users\tanmay\desktop\semester2\object oriented design\project4\tanmay_fadnavis_pr4\cppcli-wpf-app\server\debug\receiver.obj
c:\users\tanmay\desktop\semester2\object oriented design\project4\tanmay_fadnavis_pr4\cppcli-wpf-app\server\debug\sender.obj
c:\users\tanmay\desktop\semester2\object oriented design\project4\tanmay_fadnavis_pr4\cppcli-wpf-app\server\debug\sockets.obj
c:\users\tanmay\desktop\semester2\object oriented design\project4\tanmay_fadnavis_pr4\cppcli-wpf-app\server\debug\windowshelpers.obj
c:\users\tanmay\desktop\semester2\object oriented design\project4\tanmay_fadnavis_pr4\cppcli-wpf-app\debug\server.ilk
c:\users\tanmay\desktop\semester2\object oriented design\project4\tanmay_fadnavis_pr4\cppcli-wpf-app\debug\server.exe
c:\users\tanmay\desktop\semester2\object oriented design\project4\tanmay_fadnavis_pr4\cppcli-wpf-app\debug\server.pdb
c:\users\tanmay\desktop\semester2\object oriented design\project4\tanmay_fadnavis_pr4\cppcli-wpf-app\server\debug\server.tlog\cl.command.1.tlog
c:\users\tanmay\desktop\semester2\object oriented design\project4\tanmay_fadnavis_pr4\cppcli-wpf-app\server\debug\server.tlog\cl.read.1.tlog
c:\users\tanmay\desktop\semester2\object oriented design\project4\tanmay_fadnavis_pr4\cppcli-wpf-app\server\debug\server.tlog\cl.write.1.tlog
c:\users\tanmay\desktop\semester2\object oriented design\project4\tanmay_fadnavis_pr4\cppcli-wpf-app\server\debug\server.tlog\link.command.1.tlog
c:\users\tanmay\desktop\semester2\object oriented design\project4\tanmay_fadnavis_pr4\cppcli-wpf-app\server\debug\server.tlog\link.read.1.tlog
c:\users\tanmay\desktop\semester2\object oriented design\project4\tanmay_fadnavis_pr4\cppcli-wpf-app\server\debug\server.tlog\link.write.1.tlog
