Build started 12/3/2015 12:14:58 AM.
     1>Project "C:\Users\Tanmay\Desktop\Semester2\Object Oriented Design\Project4\Tanmay_Fadnavis_Pr4\CppCli-WPF-App\Server\Server.vcxproj" on node 3 (Build target(s)).
     1>ClCompile:
         C:\Program Files (x86)\Microsoft Visual Studio 12.0\VC\bin\CL.exe /c /ZI /nologo /W3 /WX- /sdl /Od /Oy- /D _MBCS /Gm /EHsc /RTC1 /MDd /GS /fp:precise /Zc:wchar_t /Zc:forScope /Fo"Debug\\" /Fd"Debug\vc120.pdb" /Gd /TP /analyze- /errorReport:prompt AppHelpers.cpp ClientHandler.cpp DataStore.cpp Executive.cpp FileManager.cpp FileSystem.cpp MessageInterpreter.cpp Receiver.cpp Sender.cpp Sockets.cpp WindowsHelpers.cpp
         WindowsHelpers.cpp
         Sockets.cpp
         Sender.cpp
         Receiver.cpp
         MessageInterpreter.cpp
         FileSystem.cpp
         FileManager.cpp
         Executive.cpp
         DataStore.cpp
         ClientHandler.cpp
         AppHelpers.cpp
         Generating Code...
       Link:
         C:\Program Files (x86)\Microsoft Visual Studio 12.0\VC\bin\link.exe /ERRORREPORT:PROMPT /OUT:"C:\Users\Tanmay\Desktop\Semester2\Object Oriented Design\Project4\Tanmay_Fadnavis_Pr4\CppCli-WPF-App\Debug\Server.exe" /INCREMENTAL /NOLOGO kernel32.lib user32.lib gdi32.lib winspool.lib comdlg32.lib advapi32.lib shell32.lib ole32.lib oleaut32.lib uuid.lib odbc32.lib odbccp32.lib /MANIFEST /MANIFESTUAC:"level='asInvoker' uiAccess='false'" /manifest:embed /DEBUG /PDB:"C:\Users\Tanmay\Desktop\Semester2\Object Oriented Design\Project4\Tanmay_Fadnavis_Pr4\CppCli-WPF-App\Debug\Server.pdb" /TLBID:1 /DYNAMICBASE /NXCOMPAT /IMPLIB:"C:\Users\Tanmay\Desktop\Semester2\Object Oriented Design\Project4\Tanmay_Fadnavis_Pr4\CppCli-WPF-App\Debug\Server.lib" /MACHINE:X86 Debug\AppHelpers.obj
         Debug\ClientHandler.obj
         Debug\DataStore.obj
         Debug\Executive.obj
         Debug\FileManager.obj
         Debug\FileSystem.obj
         Debug\MessageInterpreter.obj
         Debug\Receiver.obj
         Debug\Sender.obj
         Debug\Sockets.obj
         Debug\WindowsHelpers.obj
         Server.vcxproj -> C:\Users\Tanmay\Desktop\Semester2\Object Oriented Design\Project4\Tanmay_Fadnavis_Pr4\CppCli-WPF-App\Debug\Server.exe
     1>Done Building Project "C:\Users\Tanmay\Desktop\Semester2\Object Oriented Design\Project4\Tanmay_Fadnavis_Pr4\CppCli-WPF-App\Server\Server.vcxproj" (Build target(s)).

Build succeeded.

Time Elapsed 00:00:31.74
